<?xml version="1.0" encoding="UTF-8"?>
<!-- Generated by org.testng.reporters.JUnitReportReporter -->
<testsuite hostname="vasu-PC" name="com.vasu.testng.EmpAdd" tests="1" failures="0" timestamp="9 Jan 2019 02:07:17 GMT" time="0.014" errors="0">
  <testcase name="empAdd" time="0.014" classname="com.vasu.testng.EmpAdd"/>
</testsuite> <!-- com.vasu.testng.EmpAdd -->
