<?xml version="1.0" encoding="UTF-8"?>
<!-- Generated by org.testng.reporters.JUnitReportReporter -->
<testsuite hostname="vasu-PC" name="com.vasu.testng.DataProviderTest" tests="3" failures="0" timestamp="9 Jan 2019 02:26:46 GMT" time="0.022" errors="0">
  <testcase name="test" time="0.002" classname="com.vasu.testng.DataProviderTest"/>
  <testcase name="test" time="0.002" classname="com.vasu.testng.DataProviderTest"/>
  <testcase name="test" time="0.018" classname="com.vasu.testng.DataProviderTest"/>
</testsuite> <!-- com.vasu.testng.DataProviderTest -->
