<?xml version="1.0" encoding="UTF-8"?>
<!-- Generated by org.testng.reporters.JUnitReportReporter -->
<testsuite hostname="vasu-PC" name="com.vasu.testng.FirstTestNgTest" tests="2" failures="0" timestamp="8 Jan 2019 02:14:56 GMT" time="0.017" errors="0">
  <testcase name="appClose" time="0.015" classname="com.vasu.testng.FirstTestNgTest"/>
  <testcase name="appLaunch" time="0.002" classname="com.vasu.testng.FirstTestNgTest"/>
</testsuite> <!-- com.vasu.testng.FirstTestNgTest -->
