<?xml version="1.0" encoding="UTF-8"?>
<!-- Generated by org.testng.reporters.JUnitReportReporter -->
<testsuite hostname="vasu-PC" name="com.vasu.testng.AnnotationTest1" tests="2" failures="0" timestamp="8 Jan 2019 01:54:02 GMT" time="0.002" errors="0">
  <testcase name="method3" time="0.001" classname="com.vasu.testng.AnnotationTest1"/>
  <testcase name="method4" time="0.001" classname="com.vasu.testng.AnnotationTest1"/>
</testsuite> <!-- com.vasu.testng.AnnotationTest1 -->
