<?xml version="1.0" encoding="UTF-8"?>
<!-- Generated by org.testng.reporters.JUnitReportReporter -->
<testsuite hostname="vasu-PC" name="com.vasu.testng.ValidationTest" tests="1" failures="0" timestamp="8 Jan 2019 02:05:30 GMT" time="0.020" errors="0">
  <testcase name="validation" time="0.020" classname="com.vasu.testng.ValidationTest"/>
</testsuite> <!-- com.vasu.testng.ValidationTest -->
