<?xml version="1.0" encoding="UTF-8"?>
<!-- Generated by org.testng.reporters.JUnitReportReporter -->
<testsuite hostname="vasu-PC" name="com.vasu.testng.AnnotationsTest" tests="2" failures="0" timestamp="8 Jan 2019 01:54:02 GMT" time="0.022" errors="0">
  <testcase name="method2" time="0.008" classname="com.vasu.testng.AnnotationsTest"/>
  <testcase name="method1" time="0.014" classname="com.vasu.testng.AnnotationsTest"/>
</testsuite> <!-- com.vasu.testng.AnnotationsTest -->
