<?xml version="1.0" encoding="UTF-8"?>
<!-- Generated by org.testng.reporters.JUnitReportReporter -->
<testsuite hostname="vasu-PC" name="com.vasu.testng.BeforeTestAndAfterTest" tests="1" failures="0" timestamp="9 Jan 2019 01:47:17 GMT" time="3.069" errors="0">
  <testcase name="appLogin" time="3.069" classname="com.vasu.testng.BeforeTestAndAfterTest"/>
</testsuite> <!-- com.vasu.testng.BeforeTestAndAfterTest -->
